[05/Nov/2012:06:43:12] (/unhcr2hxl/insertAllContainers.php) Error: pcode gaoudel not found.
[05/Nov/2012:06:43:13] (/unhcr2hxl/insertAllContainers.php) Error: pcode gaoudel not found.
[05/Nov/2012:06:43:15] (/unhcr2hxl/insertAllContainers.php) Error: pcode mbeidoun not found.
[05/Nov/2012:06:43:15] (/unhcr2hxl/insertAllContainers.php) Error: pcode mbeidoun not found.
[05/Nov/2012:06:43:16] (/unhcr2hxl/insertAllContainers.php) Error: pcode chinegodrar not found.
[05/Nov/2012:06:43:17] (/unhcr2hxl/insertAllContainers.php) Error: pcode chinegodrar not found.
[05/Nov/2012:06:43:18] (/unhcr2hxl/insertAllContainers.php) Error: pcode mangaizecamp not found.
[05/Nov/2012:06:43:18] (/unhcr2hxl/insertAllContainers.php) Error: pcode mangaizecamp not found.
[05/Nov/2012:06:43:19] (/unhcr2hxl/insertAllContainers.php) Error: pcode abalacamp not found.
[05/Nov/2012:06:43:19] (/unhcr2hxl/insertAllContainers.php) Warning: No detail of population count found at abalacamp on 2012-02-29 02:58:56
[05/Nov/2012:06:43:20] (/unhcr2hxl/insertAllContainers.php) Error: pcode abala not found.
[05/Nov/2012:06:43:20] (/unhcr2hxl/insertAllContainers.php) Warning: No detail of population count found at abala on 2012-02-29 03:00:16
[05/Nov/2012:06:43:21] (/unhcr2hxl/insertAllContainers.php) Error: pcode kizamou not found.
[05/Nov/2012:06:43:21] (/unhcr2hxl/insertAllContainers.php) Warning: No detail of population count found at kizamou on 2012-02-29 03:04:10
[05/Nov/2012:06:43:23] (/unhcr2hxl/insertAllContainers.php) Error: pcode miel not found.
[05/Nov/2012:06:43:23] (/unhcr2hxl/insertAllContainers.php) Warning: No detail of population count found at miel on 2012-02-29 03:06:12
[05/Nov/2012:06:43:23] (/unhcr2hxl/insertAllContainers.php) Error: pcode tigzefan not found.
[05/Nov/2012:06:43:23] (/unhcr2hxl/insertAllContainers.php) Warning: No detail of population count found at tigzefan on 2012-02-29 03:09:04
[05/Nov/2012:06:43:24] (/unhcr2hxl/insertAllContainers.php) Error: pcode fassalanere not found.
[05/Nov/2012:06:43:24] (/unhcr2hxl/insertAllContainers.php) Warning: No detail of population count found at fassalanere on 2012-03-07 16:59:54
[05/Nov/2012:06:43:26] (/unhcr2hxl/insertAllContainers.php) Error: pcode mbera not found.
[05/Nov/2012:06:43:26] (/unhcr2hxl/insertAllContainers.php) Warning: No detail of population count found at mbera on 2012-03-07 17:00:37
[05/Nov/2012:06:43:27] (/unhcr2hxl/insertAllContainers.php) Error: pcode tigzefan not found.
[05/Nov/2012:06:43:28] (/unhcr2hxl/insertAllContainers.php) Error: pcode chinegodrar not found.
[05/Nov/2012:06:43:29] (/unhcr2hxl/insertAllContainers.php) Error: pcode barani not found.
[05/Nov/2012:06:43:29] (/unhcr2hxl/insertAllContainers.php) Warning: No detail of population count found at barani on 2012-03-24 11:09:43
[05/Nov/2012:06:43:30] (/unhcr2hxl/insertAllContainers.php) Warning: No detail of population count found at  on 
[05/Nov/2012:06:43:31] (/unhcr2hxl/insertAllContainers.php) Error: pcode sabressoro not found.
[05/Nov/2012:06:43:31] (/unhcr2hxl/insertAllContainers.php) Warning: No detail of population count found at sabressoro on 2012-03-24 11:27:42
[05/Nov/2012:06:43:32] (/unhcr2hxl/insertAllContainers.php) Error: pcode sabressoro not found.
[05/Nov/2012:06:43:32] (/unhcr2hxl/insertAllContainers.php) Warning: No detail of population count found at sabressoro on 2012-03-24 11:29:38
[05/Nov/2012:06:43:33] (/unhcr2hxl/insertAllContainers.php) Error: pcode sabressoro not found.
[05/Nov/2012:06:43:33] (/unhcr2hxl/insertAllContainers.php) Warning: No detail of population count found at sabressoro on 2012-03-24 11:31:39
[05/Nov/2012:06:43:34] (/unhcr2hxl/insertAllContainers.php) Error: pcode bobodjoulasssou not found.
[05/Nov/2012:06:43:34] (/unhcr2hxl/insertAllContainers.php) Warning: No detail of population count found at bobodjoulasssou on 2012-03-24 11:34:13
[05/Nov/2012:06:43:34] (/unhcr2hxl/insertAllContainers.php) Error: pcode oudalanautressites not found.
[05/Nov/2012:06:43:34] (/unhcr2hxl/insertAllContainers.php) Warning: No detail of population count found at oudalanautressites on 2012-03-24 11:40:50
[05/Nov/2012:06:43:35] (/unhcr2hxl/insertAllContainers.php) Warning: No detail of population count found at  on 
[05/Nov/2012:06:43:36] (/unhcr2hxl/insertAllContainers.php) Error: pcode fererio not found.
[05/Nov/2012:06:43:36] (/unhcr2hxl/insertAllContainers.php) Warning: No detail of population count found at fererio on 2012-03-24 11:46:31
[05/Nov/2012:06:43:37] (/unhcr2hxl/insertAllContainers.php) Error: pcode gandafaboukelwele not found.
[05/Nov/2012:06:43:37] (/unhcr2hxl/insertAllContainers.php) Warning: No detail of population count found at gandafaboukelwele on 2012-03-24 11:51:54
[05/Nov/2012:06:43:38] (/unhcr2hxl/insertAllContainers.php) Error: pcode gandafaboukelwele not found.
[05/Nov/2012:06:43:38] (/unhcr2hxl/insertAllContainers.php) Warning: No detail of population count found at gandafaboukelwele on 2012-03-24 12:08:39
[05/Nov/2012:06:43:39] (/unhcr2hxl/insertAllContainers.php) Error: pcode countouregnegne not found.
[05/Nov/2012:06:43:39] (/unhcr2hxl/insertAllContainers.php) Warning: No detail of population count found at countouregnegne on 2012-03-24 12:10:00
[05/Nov/2012:06:43:40] (/unhcr2hxl/insertAllContainers.php) Error: pcode damba not found.
[05/Nov/2012:06:43:40] (/unhcr2hxl/insertAllContainers.php) Warning: No detail of population count found at damba on 2012-03-24 12:11:39
[05/Nov/2012:06:43:41] (/unhcr2hxl/insertAllContainers.php) Error: pcode djibo not found.
[05/Nov/2012:06:43:41] (/unhcr2hxl/insertAllContainers.php) Warning: No detail of population count found at djibo on 2012-03-24 12:12:54
[05/Nov/2012:06:43:42] (/unhcr2hxl/insertAllContainers.php) Error: pcode mentao not found.
[05/Nov/2012:06:43:42] (/unhcr2hxl/insertAllContainers.php) Warning: No detail of population count found at mentao on 2012-03-24 12:14:17
[05/Nov/2012:06:43:43] (/unhcr2hxl/insertAllContainers.php) Error: pcode somgande not found.
[05/Nov/2012:06:43:43] (/unhcr2hxl/insertAllContainers.php) Warning: No detail of population count found at somgande on 2012-03-24 12:16:25
[05/Nov/2012:06:43:43] (/unhcr2hxl/insertAllContainers.php) Error: pcode fassalanere not found.
[05/Nov/2012:06:43:43] (/unhcr2hxl/insertAllContainers.php) Warning: No detail of population count found at fassalanere on 2012-03-28 17:02:33
[05/Nov/2012:06:43:44] (/unhcr2hxl/insertAllContainers.php) Error: pcode mbera not found.
[05/Nov/2012:06:43:44] (/unhcr2hxl/insertAllContainers.php) Warning: No detail of population count found at mbera on 2012-03-28 17:03:14
[05/Nov/2012:06:43:45] (/unhcr2hxl/insertAllContainers.php) Error: pcode gaoudel not found.
[05/Nov/2012:06:43:46] (/unhcr2hxl/insertAllContainers.php) Error: pcode mbeidoun not found.
[05/Nov/2012:06:43:47] (/unhcr2hxl/insertAllContainers.php) Error: pcode mbeidoun not found.
[05/Nov/2012:06:43:47] (/unhcr2hxl/insertAllContainers.php) Error: pcode chinegodrar not found.
[05/Nov/2012:06:43:48] (/unhcr2hxl/insertAllContainers.php) Error: pcode chinegodrar not found.
[05/Nov/2012:06:43:49] (/unhcr2hxl/insertAllContainers.php) Error: pcode mangaizecamp not found.
[05/Nov/2012:06:43:50] (/unhcr2hxl/insertAllContainers.php) Error: pcode mangaizecamp not found.
[05/Nov/2012:06:43:51] (/unhcr2hxl/insertAllContainers.php) Error: pcode abalacamp not found.
[05/Nov/2012:06:43:51] (/unhcr2hxl/insertAllContainers.php) Error: pcode abala not found.
[05/Nov/2012:06:43:52] (/unhcr2hxl/insertAllContainers.php) Error: pcode kizamou not found.
[05/Nov/2012:06:43:53] (/unhcr2hxl/insertAllContainers.php) Error: pcode miel not found.
[05/Nov/2012:06:43:53] (/unhcr2hxl/insertAllContainers.php) Error: pcode miel not found.
[05/Nov/2012:06:43:54] (/unhcr2hxl/insertAllContainers.php) Error: pcode tigzefan not found.
[05/Nov/2012:06:43:55] (/unhcr2hxl/insertAllContainers.php) Error: pcode tigzefan not found.
[05/Nov/2012:06:43:56] (/unhcr2hxl/insertAllContainers.php) Error: pcode mbera not found.
[05/Nov/2012:06:43:56] (/unhcr2hxl/insertAllContainers.php) Warning: No detail of population count found at mbera on 2012-04-01 17:06:16
[05/Nov/2012:06:43:56] (/unhcr2hxl/insertAllContainers.php) Error: pcode miel not found.
[05/Nov/2012:06:43:57] (/unhcr2hxl/insertAllContainers.php) Error: pcode bobodjoulasssou not found.
[05/Nov/2012:06:43:58] (/unhcr2hxl/insertAllContainers.php) Error: pcode barani not found.
[05/Nov/2012:06:43:59] (/unhcr2hxl/insertAllContainers.php) Error: pcode sabressoro not found.
[05/Nov/2012:06:44:00] (/unhcr2hxl/insertAllContainers.php) Error: pcode tougan not found.
[05/Nov/2012:06:44:00] (/unhcr2hxl/insertAllContainers.php) Warning: No detail of population count found at  on 
[05/Nov/2012:06:44:01] (/unhcr2hxl/insertAllContainers.php) Warning: No detail of population count found at  on 
[05/Nov/2012:06:44:02] (/unhcr2hxl/insertAllContainers.php) Error: pcode fererio not found.
[05/Nov/2012:06:44:02] (/unhcr2hxl/insertAllContainers.php) Warning: No detail of population count found at fererio on 2012-04-08 12:43:01
[05/Nov/2012:06:44:03] (/unhcr2hxl/insertAllContainers.php) Error: pcode gandafaboukelwele not found.
[05/Nov/2012:06:44:03] (/unhcr2hxl/insertAllContainers.php) Warning: No detail of population count found at gandafaboukelwele on 2012-04-08 12:44:49
[05/Nov/2012:06:44:04] (/unhcr2hxl/insertAllContainers.php) Error: pcode countouregnegne not found.
[05/Nov/2012:06:44:04] (/unhcr2hxl/insertAllContainers.php) Warning: No detail of population count found at countouregnegne on 2012-04-08 12:46:07
[05/Nov/2012:06:44:05] (/unhcr2hxl/insertAllContainers.php) Error: pcode damba not found.
[05/Nov/2012:06:44:05] (/unhcr2hxl/insertAllContainers.php) Warning: No detail of population count found at damba on 2012-04-08 12:47:06
[05/Nov/2012:06:44:05] (/unhcr2hxl/insertAllContainers.php) Error: pcode djibo not found.
[05/Nov/2012:06:44:05] (/unhcr2hxl/insertAllContainers.php) Warning: No detail of population count found at djibo on 2012-04-08 12:48:01
[05/Nov/2012:06:44:06] (/unhcr2hxl/insertAllContainers.php) Error: pcode mentao not found.
[05/Nov/2012:06:44:06] (/unhcr2hxl/insertAllContainers.php) Warning: No detail of population count found at mentao on 2012-04-08 12:49:18
[05/Nov/2012:06:44:07] (/unhcr2hxl/insertAllContainers.php) Error: pcode somgande not found.
[05/Nov/2012:06:44:07] (/unhcr2hxl/insertAllContainers.php) Warning: No detail of population count found at somgande on 2012-04-08 12:50:16
[05/Nov/2012:06:44:08] (/unhcr2hxl/insertAllContainers.php) Error: pcode bobodjoulasssou not found.
[05/Nov/2012:06:44:08] (/unhcr2hxl/insertAllContainers.php) Warning: No detail of population count found at bobodjoulasssou on 2012-04-08 12:52:15
[05/Nov/2012:06:44:09] (/unhcr2hxl/insertAllContainers.php) Error: pcode barani not found.
[05/Nov/2012:06:44:09] (/unhcr2hxl/insertAllContainers.php) Warning: No detail of population count found at barani on 2012-04-08 12:53:43
[05/Nov/2012:06:44:10] (/unhcr2hxl/insertAllContainers.php) Error: pcode sabressoro not found.
[05/Nov/2012:06:44:10] (/unhcr2hxl/insertAllContainers.php) Warning: No detail of population count found at sabressoro on 2012-04-08 12:55:37
[05/Nov/2012:06:44:10] (/unhcr2hxl/insertAllContainers.php) Error: pcode tougan not found.
[05/Nov/2012:06:44:10] (/unhcr2hxl/insertAllContainers.php) Warning: No detail of population count found at tougan on 2012-04-08 13:03:06
[05/Nov/2012:06:44:11] (/unhcr2hxl/insertAllContainers.php) Error: pcode oudalanautressites not found.
[05/Nov/2012:06:44:11] (/unhcr2hxl/insertAllContainers.php) Warning: No detail of population count found at oudalanautressites on 2012-04-08 13:11:52
[05/Nov/2012:06:44:12] (/unhcr2hxl/insertAllContainers.php) Error: pcode mbera not found.
[05/Nov/2012:06:44:12] (/unhcr2hxl/insertAllContainers.php) Warning: No detail of population count found at mbera on 2012-04-15 17:07:40
[05/Nov/2012:06:44:13] (/unhcr2hxl/insertAllContainers.php) Error: pcode gandafaboukelwele not found.
[05/Nov/2012:06:44:14] (/unhcr2hxl/insertAllContainers.php) Error: pcode gaoudel not found.
[05/Nov/2012:06:44:15] (/unhcr2hxl/insertAllContainers.php) Error: pcode mbeidoun not found.
[05/Nov/2012:06:44:15] (/unhcr2hxl/insertAllContainers.php) Error: pcode mbeidoun not found.
[05/Nov/2012:06:44:16] (/unhcr2hxl/insertAllContainers.php) Error: pcode chinegodrar not found.
[05/Nov/2012:06:44:17] (/unhcr2hxl/insertAllContainers.php) Error: pcode mangaizecamp not found.
[05/Nov/2012:06:44:18] (/unhcr2hxl/insertAllContainers.php) Error: pcode mangaizecamp not found.
[05/Nov/2012:06:44:19] (/unhcr2hxl/insertAllContainers.php) Error: pcode abala not found.
[05/Nov/2012:06:44:20] (/unhcr2hxl/insertAllContainers.php) Error: pcode abalacamp not found.
[05/Nov/2012:06:44:20] (/unhcr2hxl/insertAllContainers.php) Error: pcode kizamou not found.
[05/Nov/2012:06:44:21] (/unhcr2hxl/insertAllContainers.php) Error: pcode miel not found.
[05/Nov/2012:06:44:22] (/unhcr2hxl/insertAllContainers.php) Error: pcode miel not found.
[05/Nov/2012:06:44:23] (/unhcr2hxl/insertAllContainers.php) Error: pcode tigzefan not found.
[05/Nov/2012:06:44:23] (/unhcr2hxl/insertAllContainers.php) Error: pcode tigzefan not found.
[05/Nov/2012:06:44:24] (/unhcr2hxl/insertAllContainers.php) Error: pcode agando not found.
[05/Nov/2012:06:44:25] (/unhcr2hxl/insertAllContainers.php) Error: pcode agando not found.
[05/Nov/2012:06:44:26] (/unhcr2hxl/insertAllContainers.php) Error: pcode chigoumar not found.
[05/Nov/2012:06:44:27] (/unhcr2hxl/insertAllContainers.php) Error: pcode chinwaren not found.
[05/Nov/2012:06:44:27] (/unhcr2hxl/insertAllContainers.php) Error: pcode chinwaren not found.
[05/Nov/2012:06:44:28] (/unhcr2hxl/insertAllContainers.php) Error: pcode tankademi not found.
[05/Nov/2012:06:44:29] (/unhcr2hxl/insertAllContainers.php) Error: pcode tankademi not found.
[05/Nov/2012:06:44:30] (/unhcr2hxl/insertAllContainers.php) Error: pcode tichachite not found.
[05/Nov/2012:06:44:31] (/unhcr2hxl/insertAllContainers.php) Error: pcode chinegodrar not found.
[05/Nov/2012:06:44:32] (/unhcr2hxl/insertAllContainers.php) Error: pcode chinegodrar not found.
[05/Nov/2012:06:44:33] (/unhcr2hxl/insertAllContainers.php) Error: pcode chinegodrar not found.
[05/Nov/2012:06:44:33] (/unhcr2hxl/insertAllContainers.php) Warning: No detail of population count found at chinegodrar on 2012-04-30 12:40:12
[05/Nov/2012:06:44:34] (/unhcr2hxl/insertAllContainers.php) Error: pcode mbera not found.
[05/Nov/2012:06:44:34] (/unhcr2hxl/insertAllContainers.php) Warning: No detail of population count found at mbera on 2012-05-03 17:08:42
[05/Nov/2012:06:44:35] (/unhcr2hxl/insertAllContainers.php) Error: pcode banibangou not found.
[05/Nov/2012:06:44:35] (/unhcr2hxl/insertAllContainers.php) Warning: No detail of population count found at banibangou on 2012-05-11 18:52:49
[05/Nov/2012:06:44:35] (/unhcr2hxl/insertAllContainers.php) Error: pcode fassalanere not found.
[05/Nov/2012:06:44:35] (/unhcr2hxl/insertAllContainers.php) Warning: No detail of population count found at fassalanere on 2012-05-14 18:16:37
[05/Nov/2012:06:44:36] (/unhcr2hxl/insertAllContainers.php) Error: pcode mentao not found.
[05/Nov/2012:06:44:37] (/unhcr2hxl/insertAllContainers.php) Error: pcode djibo not found.
[05/Nov/2012:06:44:38] (/unhcr2hxl/insertAllContainers.php) Error: pcode damba not found.
[05/Nov/2012:06:44:39] (/unhcr2hxl/insertAllContainers.php) Error: pcode somgande not found.
[05/Nov/2012:06:44:39] (/unhcr2hxl/insertAllContainers.php) Error: pcode tichachite not found.
[05/Nov/2012:06:44:39] (/unhcr2hxl/insertAllContainers.php) Warning: No detail of population count found at tichachite on 2012-05-31 12:57:12
[05/Nov/2012:06:44:40] (/unhcr2hxl/insertAllContainers.php) Error: pcode chigoumar not found.
[05/Nov/2012:06:44:40] (/unhcr2hxl/insertAllContainers.php) Warning: No detail of population count found at chigoumar on 2012-05-31 12:59:25
[05/Nov/2012:06:44:41] (/unhcr2hxl/insertAllContainers.php) Error: pcode tankademi not found.
[05/Nov/2012:06:44:41] (/unhcr2hxl/insertAllContainers.php) Warning: No detail of population count found at tankademi on 2012-05-31 13:12:15
[05/Nov/2012:06:44:41] (/unhcr2hxl/insertAllContainers.php) Error: pcode tankademi not found.
[05/Nov/2012:06:44:41] (/unhcr2hxl/insertAllContainers.php) Warning: No detail of population count found at tankademi on 2012-05-31 13:12:57
[05/Nov/2012:06:44:42] (/unhcr2hxl/insertAllContainers.php) Error: pcode mbera not found.
[05/Nov/2012:06:44:42] (/unhcr2hxl/insertAllContainers.php) Warning: No detail of population count found at mbera on 2012-06-03 17:09:49
[05/Nov/2012:06:44:43] (/unhcr2hxl/insertAllContainers.php) Error: pcode fererio not found.
[05/Nov/2012:06:44:45] (/unhcr2hxl/insertAllContainers.php) Error: pcode chinwaren not found.
[05/Nov/2012:06:44:47] (/unhcr2hxl/insertAllContainers.php) Error: pcode mbeidoun not found.
[05/Nov/2012:06:44:47] (/unhcr2hxl/insertAllContainers.php) Warning: No detail of population count found at mbeidoun on 2012-06-16 16:37:06
[05/Nov/2012:06:44:48] (/unhcr2hxl/insertAllContainers.php) Error: pcode tibirgalene not found.
[05/Nov/2012:06:44:48] (/unhcr2hxl/insertAllContainers.php) Warning: No detail of population count found at tibirgalene on 2012-06-16 16:37:12
[05/Nov/2012:06:44:49] (/unhcr2hxl/insertAllContainers.php) Error: pcode mbeidoun not found.
[05/Nov/2012:06:44:49] (/unhcr2hxl/insertAllContainers.php) Warning: No detail of population count found at mbeidoun on 2012-06-16 16:37:16
[05/Nov/2012:06:44:50] (/unhcr2hxl/insertAllContainers.php) Error: pcode kizamou not found.
[05/Nov/2012:06:44:50] (/unhcr2hxl/insertAllContainers.php) Warning: No detail of population count found at kizamou on 2012-06-24 05:41:33
[05/Nov/2012:06:44:51] (/unhcr2hxl/insertAllContainers.php) Error: pcode miel not found.
[05/Nov/2012:06:44:52] (/unhcr2hxl/insertAllContainers.php) Error: pcode abala not found.
[05/Nov/2012:06:44:53] (/unhcr2hxl/insertAllContainers.php) Error: pcode tinfagat not found.
[05/Nov/2012:06:44:53] (/unhcr2hxl/insertAllContainers.php) Warning: No detail of population count found at tinfagat on 2012-06-24 05:57:41
[05/Nov/2012:06:44:53] (/unhcr2hxl/insertAllContainers.php) Error: pcode tigzefan not found.
[05/Nov/2012:06:44:53] (/unhcr2hxl/insertAllContainers.php) Warning: No detail of population count found at tigzefan on 2012-06-24 06:00:24
[05/Nov/2012:06:44:54] (/unhcr2hxl/insertAllContainers.php) Error: pcode kizamou not found.
[05/Nov/2012:06:44:54] (/unhcr2hxl/insertAllContainers.php) Warning: No detail of population count found at kizamou on 2012-06-24 06:05:01
[05/Nov/2012:06:44:55] (/unhcr2hxl/insertAllContainers.php) Error: pcode mbera not found.
[05/Nov/2012:06:44:55] (/unhcr2hxl/insertAllContainers.php) Warning: No detail of population count found at mbera on 2012-06-24 17:10:49
[05/Nov/2012:06:44:56] (/unhcr2hxl/insertAllContainers.php) Error: pcode gaoudel not found.
[05/Nov/2012:06:44:56] (/unhcr2hxl/insertAllContainers.php) Error: pcode gaoudel not found.
[05/Nov/2012:06:44:57] (/unhcr2hxl/insertAllContainers.php) Error: pcode intadabdab not found.
[05/Nov/2012:06:44:58] (/unhcr2hxl/insertAllContainers.php) Error: pcode mbeidoun not found.
[05/Nov/2012:06:44:59] (/unhcr2hxl/insertAllContainers.php) Error: pcode tabareybarey not found.
[05/Nov/2012:06:45:00] (/unhcr2hxl/insertAllContainers.php) Error: pcode tabareybarey not found.
[05/Nov/2012:06:45:01] (/unhcr2hxl/insertAllContainers.php) Error: pcode tibirgalene not found.
[05/Nov/2012:06:45:01] (/unhcr2hxl/insertAllContainers.php) Error: pcode tinfagat not found.
[05/Nov/2012:06:45:02] (/unhcr2hxl/insertAllContainers.php) Error: pcode banibangou not found.
[05/Nov/2012:06:45:03] (/unhcr2hxl/insertAllContainers.php) Error: pcode chinegodrar not found.
[05/Nov/2012:06:45:03] (/unhcr2hxl/insertAllContainers.php) Error: pcode mangaizecamp not found.
[05/Nov/2012:06:45:04] (/unhcr2hxl/insertAllContainers.php) Error: pcode abala not found.
[05/Nov/2012:06:45:05] (/unhcr2hxl/insertAllContainers.php) Error: pcode abalacamp not found.
[05/Nov/2012:06:45:06] (/unhcr2hxl/insertAllContainers.php) Error: pcode kizamou not found.
[05/Nov/2012:06:45:07] (/unhcr2hxl/insertAllContainers.php) Error: pcode miel not found.
[05/Nov/2012:06:45:08] (/unhcr2hxl/insertAllContainers.php) Error: pcode miel not found.
[05/Nov/2012:06:45:09] (/unhcr2hxl/insertAllContainers.php) Error: pcode tigzefan not found.
[05/Nov/2012:06:45:10] (/unhcr2hxl/insertAllContainers.php) Error: pcode tigzefan not found.
[05/Nov/2012:06:45:10] (/unhcr2hxl/insertAllContainers.php) Error: pcode agando not found.
[05/Nov/2012:06:45:11] (/unhcr2hxl/insertAllContainers.php) Error: pcode agando not found.
[05/Nov/2012:06:45:12] (/unhcr2hxl/insertAllContainers.php) Error: pcode chinwaren not found.
[05/Nov/2012:06:45:13] (/unhcr2hxl/insertAllContainers.php) Error: pcode chinwaren not found.
[05/Nov/2012:06:45:14] (/unhcr2hxl/insertAllContainers.php) Error: pcode niamey not found.
[05/Nov/2012:06:45:14] (/unhcr2hxl/insertAllContainers.php) Warning: No detail of population count found at niamey on 2012-06-30 05:52:45
[05/Nov/2012:06:45:15] (/unhcr2hxl/insertAllContainers.php) Error: pcode tabareybarey not found.
[05/Nov/2012:06:45:16] (/unhcr2hxl/insertAllContainers.php) Error: pcode abalacamp not found.
[05/Nov/2012:06:45:17] (/unhcr2hxl/insertAllContainers.php) Error: pcode niamey not found.
[05/Nov/2012:06:45:17] (/unhcr2hxl/insertAllContainers.php) Warning: No detail of population count found at niamey on 2012-07-12 09:40:02
[05/Nov/2012:06:45:17] (/unhcr2hxl/insertAllContainers.php) Error: pcode chinwaren not found.
[05/Nov/2012:06:45:18] (/unhcr2hxl/insertAllContainers.php) Error: pcode agando not found.
[05/Nov/2012:06:45:19] (/unhcr2hxl/insertAllContainers.php) Error: pcode agando not found.
[05/Nov/2012:06:45:20] (/unhcr2hxl/insertAllContainers.php) Error: pcode mbera not found.
[05/Nov/2012:06:45:20] (/unhcr2hxl/insertAllContainers.php) Warning: No detail of population count found at mbera on 2012-07-15 17:11:47
[05/Nov/2012:06:45:20] (/unhcr2hxl/insertAllContainers.php) Error: pcode mbera not found.
[05/Nov/2012:06:45:21] (/unhcr2hxl/insertAllContainers.php) Warning: No detail of population count found at  on 
[05/Nov/2012:06:45:22] (/unhcr2hxl/insertAllContainers.php) Warning: No detail of population count found at  on 
[05/Nov/2012:06:45:23] (/unhcr2hxl/insertAllContainers.php) Error: pcode countouregnegne not found.
[05/Nov/2012:06:45:24] (/unhcr2hxl/insertAllContainers.php) Error: pcode chinegodrar not found.
[05/Nov/2012:06:45:24] (/unhcr2hxl/insertAllContainers.php) Error: pcode mangaizecamp not found.
[05/Nov/2012:06:45:25] (/unhcr2hxl/insertAllContainers.php) Error: pcode gaoudel not found.
[05/Nov/2012:06:45:26] (/unhcr2hxl/insertAllContainers.php) Error: pcode gaoudel not found.
[05/Nov/2012:06:45:26] (/unhcr2hxl/insertAllContainers.php) Error: pcode mangaizecamp not found.
[05/Nov/2012:06:45:27] (/unhcr2hxl/insertAllContainers.php) Error: pcode guinea not found.
[05/Nov/2012:06:45:27] (/unhcr2hxl/insertAllContainers.php) Warning: No detail of population count found at guinea on 2012-07-20 09:59:36
[05/Nov/2012:06:45:28] (/unhcr2hxl/insertAllContainers.php) Error: pcode togo not found.
[05/Nov/2012:06:45:28] (/unhcr2hxl/insertAllContainers.php) Warning: No detail of population count found at togo on 2012-07-20 10:00:03
[05/Nov/2012:06:45:29] (/unhcr2hxl/insertAllContainers.php) Error: pcode tabareybarey not found.
[05/Nov/2012:06:45:30] (/unhcr2hxl/insertAllContainers.php) Warning: No detail of population count found at  on 
[05/Nov/2012:06:45:31] (/unhcr2hxl/insertAllContainers.php) Warning: No detail of population count found at  on 
[05/Nov/2012:06:45:32] (/unhcr2hxl/insertAllContainers.php) Warning: No detail of population count found at  on 
[05/Nov/2012:06:45:33] (/unhcr2hxl/insertAllContainers.php) Warning: No detail of population count found at  on 
[05/Nov/2012:06:45:34] (/unhcr2hxl/insertAllContainers.php) Error: pcode fererio not found.
[05/Nov/2012:06:45:35] (/unhcr2hxl/insertAllContainers.php) Error: pcode gandafaboukelwele not found.
[05/Nov/2012:06:45:35] (/unhcr2hxl/insertAllContainers.php) Error: pcode countouregnegne not found.
[05/Nov/2012:06:45:36] (/unhcr2hxl/insertAllContainers.php) Error: pcode damba not found.
[05/Nov/2012:06:45:37] (/unhcr2hxl/insertAllContainers.php) Error: pcode djibo not found.
[05/Nov/2012:06:45:38] (/unhcr2hxl/insertAllContainers.php) Error: pcode mentao not found.
[05/Nov/2012:06:45:39] (/unhcr2hxl/insertAllContainers.php) Error: pcode bobodjoulasssou not found.
[05/Nov/2012:06:45:40] (/unhcr2hxl/insertAllContainers.php) Error: pcode somgande not found.
[05/Nov/2012:06:45:41] (/unhcr2hxl/insertAllContainers.php) Error: pcode barani not found.
[05/Nov/2012:06:45:41] (/unhcr2hxl/insertAllContainers.php) Warning: No detail of population count found at barani on 2012-07-26 02:56:46
[05/Nov/2012:06:45:42] (/unhcr2hxl/insertAllContainers.php) Error: pcode sabressoro not found.
[05/Nov/2012:06:45:42] (/unhcr2hxl/insertAllContainers.php) Warning: No detail of population count found at sabressoro on 2012-07-26 02:58:22
[05/Nov/2012:06:45:43] (/unhcr2hxl/insertAllContainers.php) Error: pcode tougan not found.
[05/Nov/2012:06:45:43] (/unhcr2hxl/insertAllContainers.php) Warning: No detail of population count found at tougan on 2012-07-26 03:01:17
[05/Nov/2012:06:45:44] (/unhcr2hxl/insertAllContainers.php) Error: pcode oudalanautressites not found.
[05/Nov/2012:06:45:44] (/unhcr2hxl/insertAllContainers.php) Warning: No detail of population count found at oudalanautressites on 2012-07-26 11:39:35
[05/Nov/2012:06:45:45] (/unhcr2hxl/insertAllContainers.php) Error: pcode gandafaboukelwele not found.
[05/Nov/2012:06:45:45] (/unhcr2hxl/insertAllContainers.php) Warning: No detail of population count found at gandafaboukelwele on 2012-07-26 11:47:59
[05/Nov/2012:06:45:46] (/unhcr2hxl/insertAllContainers.php) Error: pcode gandafaboukelwele not found.
[05/Nov/2012:06:45:46] (/unhcr2hxl/insertAllContainers.php) Warning: No detail of population count found at gandafaboukelwele on 2012-07-26 12:05:04
[05/Nov/2012:06:45:47] (/unhcr2hxl/insertAllContainers.php) Error: pcode gandafaboukelwele not found.
[05/Nov/2012:06:45:48] (/unhcr2hxl/insertAllContainers.php) Error: pcode tabareybarey not found.
[05/Nov/2012:06:45:50] (/unhcr2hxl/insertAllContainers.php) Error: pcode mbera not found.
[05/Nov/2012:06:45:51] (/unhcr2hxl/insertAllContainers.php) Error: pcode mbera not found.
[05/Nov/2012:06:45:51] (/unhcr2hxl/insertAllContainers.php) Error: pcode gaoudel not found.
[05/Nov/2012:06:45:52] (/unhcr2hxl/insertAllContainers.php) Error: pcode gaoudel not found.
[05/Nov/2012:06:45:53] (/unhcr2hxl/insertAllContainers.php) Error: pcode mangaizecamp not found.
[05/Nov/2012:06:45:54] (/unhcr2hxl/insertAllContainers.php) Error: pcode mangaizecamp not found.
[05/Nov/2012:06:45:55] (/unhcr2hxl/insertAllContainers.php) Error: pcode abalacamp not found.
[05/Nov/2012:06:45:56] (/unhcr2hxl/insertAllContainers.php) Error: pcode abala not found.
[05/Nov/2012:06:45:56] (/unhcr2hxl/insertAllContainers.php) Error: pcode agando not found.
[05/Nov/2012:06:45:57] (/unhcr2hxl/insertAllContainers.php) Error: pcode agando not found.
[05/Nov/2012:06:45:58] (/unhcr2hxl/insertAllContainers.php) Error: pcode mangaizecamp not found.
[05/Nov/2012:06:45:59] (/unhcr2hxl/insertAllContainers.php) Error: pcode mbera not found.
[05/Nov/2012:06:46:00] (/unhcr2hxl/insertAllContainers.php) Error: pcode mbera not found.
[05/Nov/2012:06:46:01] (/unhcr2hxl/insertAllContainers.php) Error: pcode gaoudel not found.
[05/Nov/2012:06:46:02] (/unhcr2hxl/insertAllContainers.php) Error: pcode gaoudel not found.
[05/Nov/2012:06:46:03] (/unhcr2hxl/insertAllContainers.php) Error: pcode intadabdab not found.
[05/Nov/2012:06:46:04] (/unhcr2hxl/insertAllContainers.php) Error: pcode tabareybarey not found.
[05/Nov/2012:06:46:04] (/unhcr2hxl/insertAllContainers.php) Error: pcode tabareybarey not found.
[05/Nov/2012:06:46:05] (/unhcr2hxl/insertAllContainers.php) Error: pcode tinfagat not found.
[05/Nov/2012:06:46:06] (/unhcr2hxl/insertAllContainers.php) Error: pcode mangaizecamp not found.
[05/Nov/2012:06:46:07] (/unhcr2hxl/insertAllContainers.php) Error: pcode mangaizecamp not found.
[05/Nov/2012:06:46:08] (/unhcr2hxl/insertAllContainers.php) Error: pcode tabareybarey not found.
[05/Nov/2012:06:46:08] (/unhcr2hxl/insertAllContainers.php) Error: pcode mbera not found.
[05/Nov/2012:06:46:09] (/unhcr2hxl/insertAllContainers.php) Error: pcode tabareybarey not found.
[05/Nov/2012:06:46:10] (/unhcr2hxl/insertAllContainers.php) Error: pcode tabareybarey not found.
[05/Nov/2012:06:46:11] (/unhcr2hxl/insertAllContainers.php) Error: pcode tinfagat not found.
[05/Nov/2012:06:46:12] (/unhcr2hxl/insertAllContainers.php) Error: pcode mangaizecamp not found.
[05/Nov/2012:06:46:13] (/unhcr2hxl/insertAllContainers.php) Error: pcode mangaizecamp not found.
[05/Nov/2012:06:46:14] (/unhcr2hxl/insertAllContainers.php) Error: pcode tabareybarey not found.
[05/Nov/2012:06:46:16] (/unhcr2hxl/insertAllContainers.php) Error: pcode tabareybarey not found.
[05/Nov/2012:06:46:17] (/unhcr2hxl/insertAllContainers.php) Error: pcode tabareybarey not found.
[05/Nov/2012:06:46:19] (/unhcr2hxl/insertAllContainers.php) Error: pcode mbera not found.
[05/Nov/2012:06:46:20] (/unhcr2hxl/insertAllContainers.php) Error: pcode gaoudel not found.
[05/Nov/2012:06:46:21] (/unhcr2hxl/insertAllContainers.php) Error: pcode gaoudel not found.
[05/Nov/2012:06:46:22] (/unhcr2hxl/insertAllContainers.php) Error: pcode intadabdab not found.
[05/Nov/2012:06:46:23] (/unhcr2hxl/insertAllContainers.php) Error: pcode mbeidoun not found.
[05/Nov/2012:06:46:23] (/unhcr2hxl/insertAllContainers.php) Error: pcode mbeidoun not found.
[05/Nov/2012:06:46:24] (/unhcr2hxl/insertAllContainers.php) Error: pcode tabareybarey not found.
[05/Nov/2012:06:46:25] (/unhcr2hxl/insertAllContainers.php) Error: pcode tabareybarey not found.
[05/Nov/2012:06:46:26] (/unhcr2hxl/insertAllContainers.php) Error: pcode tinfagat not found.
[05/Nov/2012:06:46:27] (/unhcr2hxl/insertAllContainers.php) Error: pcode abala not found.
[05/Nov/2012:06:46:28] (/unhcr2hxl/insertAllContainers.php) Error: pcode abalacamp not found.
[05/Nov/2012:06:46:29] (/unhcr2hxl/insertAllContainers.php) Error: pcode kizamou not found.
[05/Nov/2012:06:46:30] (/unhcr2hxl/insertAllContainers.php) Error: pcode kizamou not found.
[05/Nov/2012:06:46:31] (/unhcr2hxl/insertAllContainers.php) Error: pcode miel not found.
[05/Nov/2012:06:46:32] (/unhcr2hxl/insertAllContainers.php) Error: pcode miel not found.
[05/Nov/2012:06:46:33] (/unhcr2hxl/insertAllContainers.php) Error: pcode tigzefan not found.
[05/Nov/2012:06:46:35] (/unhcr2hxl/insertAllContainers.php) Error: pcode tigzefan not found.
[05/Nov/2012:06:46:36] (/unhcr2hxl/insertAllContainers.php) Error: pcode banibangou not found.
[05/Nov/2012:06:46:37] (/unhcr2hxl/insertAllContainers.php) Error: pcode chinegodrar not found.
[05/Nov/2012:06:46:38] (/unhcr2hxl/insertAllContainers.php) Error: pcode mangaizecamp not found.
[05/Nov/2012:06:46:39] (/unhcr2hxl/insertAllContainers.php) Error: pcode mangaizecamp not found.
[05/Nov/2012:06:46:40] (/unhcr2hxl/insertAllContainers.php) Error: pcode agando not found.
[05/Nov/2012:06:46:40] (/unhcr2hxl/insertAllContainers.php) Error: pcode agando not found.
[05/Nov/2012:06:46:41] (/unhcr2hxl/insertAllContainers.php) Error: pcode chinwaren not found.
[05/Nov/2012:06:46:42] (/unhcr2hxl/insertAllContainers.php) Error: pcode chinwaren not found.
[05/Nov/2012:06:46:43] (/unhcr2hxl/insertAllContainers.php) Error: pcode gaoudel not found.
[05/Nov/2012:06:46:43] (/unhcr2hxl/insertAllContainers.php) Error: pcode chinwaren not found.
[05/Nov/2012:06:46:44] (/unhcr2hxl/insertAllContainers.php) Error: pcode gaoudel not found.
[05/Nov/2012:06:46:45] (/unhcr2hxl/insertAllContainers.php) Error: pcode gaoudel not found.
[05/Nov/2012:06:46:46] (/unhcr2hxl/insertAllContainers.php) Error: pcode intadabdab not found.
[05/Nov/2012:06:46:47] (/unhcr2hxl/insertAllContainers.php) Error: pcode mbeidoun not found.
[05/Nov/2012:06:46:48] (/unhcr2hxl/insertAllContainers.php) Error: pcode intadabdab not found.
[05/Nov/2012:06:46:49] (/unhcr2hxl/insertAllContainers.php) Error: pcode intadabdab not found.
[05/Nov/2012:06:46:49] (/unhcr2hxl/insertAllContainers.php) Warning: No detail of population count found at intadabdab on 2012-08-27 16:06:15
[05/Nov/2012:06:46:50] (/unhcr2hxl/insertAllContainers.php) Error: pcode tabareybarey not found.
[05/Nov/2012:06:46:51] (/unhcr2hxl/insertAllContainers.php) Error: pcode tabareybarey not found.
[05/Nov/2012:06:46:52] (/unhcr2hxl/insertAllContainers.php) Error: pcode tibirgalene not found.
[05/Nov/2012:06:46:53] (/unhcr2hxl/insertAllContainers.php) Error: pcode tinfagat not found.
[05/Nov/2012:06:46:53] (/unhcr2hxl/insertAllContainers.php) Error: pcode abala not found.
[05/Nov/2012:06:46:54] (/unhcr2hxl/insertAllContainers.php) Error: pcode abalacamp not found.
[05/Nov/2012:06:46:55] (/unhcr2hxl/insertAllContainers.php) Error: pcode kizamou not found.
[05/Nov/2012:06:46:56] (/unhcr2hxl/insertAllContainers.php) Error: pcode kizamou not found.
[05/Nov/2012:06:46:57] (/unhcr2hxl/insertAllContainers.php) Error: pcode miel not found.
[05/Nov/2012:06:46:57] (/unhcr2hxl/insertAllContainers.php) Error: pcode miel not found.
[05/Nov/2012:06:46:58] (/unhcr2hxl/insertAllContainers.php) Error: pcode tigzefan not found.
[05/Nov/2012:06:46:59] (/unhcr2hxl/insertAllContainers.php) Error: pcode tigzefan not found.
[05/Nov/2012:06:47:00] (/unhcr2hxl/insertAllContainers.php) Error: pcode banibangou not found.
[05/Nov/2012:06:47:01] (/unhcr2hxl/insertAllContainers.php) Error: pcode chinegodrar not found.
[05/Nov/2012:06:47:02] (/unhcr2hxl/insertAllContainers.php) Error: pcode mangaizecamp not found.
[05/Nov/2012:06:47:03] (/unhcr2hxl/insertAllContainers.php) Error: pcode mangaizecamp not found.
[05/Nov/2012:06:47:04] (/unhcr2hxl/insertAllContainers.php) Error: pcode agando not found.
[05/Nov/2012:06:47:05] (/unhcr2hxl/insertAllContainers.php) Error: pcode agando not found.
[05/Nov/2012:06:47:06] (/unhcr2hxl/insertAllContainers.php) Error: pcode chinwaren not found.
[05/Nov/2012:06:47:07] (/unhcr2hxl/insertAllContainers.php) Error: pcode chinwaren not found.
[05/Nov/2012:06:47:07] (/unhcr2hxl/insertAllContainers.php) Error: pcode fererio not found.
[05/Nov/2012:06:47:08] (/unhcr2hxl/insertAllContainers.php) Error: pcode mbera not found.
[05/Nov/2012:06:47:09] (/unhcr2hxl/insertAllContainers.php) Error: pcode gaoudel not found.
[05/Nov/2012:06:47:10] (/unhcr2hxl/insertAllContainers.php) Error: pcode gaoudel not found.
[05/Nov/2012:06:47:10] (/unhcr2hxl/insertAllContainers.php) Error: pcode intadabdab not found.
[05/Nov/2012:06:47:11] (/unhcr2hxl/insertAllContainers.php) Error: pcode mbeidoun not found.
[05/Nov/2012:06:47:12] (/unhcr2hxl/insertAllContainers.php) Error: pcode mbeidoun not found.
[05/Nov/2012:06:47:13] (/unhcr2hxl/insertAllContainers.php) Error: pcode tabareybarey not found.
[05/Nov/2012:06:47:15] (/unhcr2hxl/insertAllContainers.php) Error: pcode tabareybarey not found.
[05/Nov/2012:06:47:17] (/unhcr2hxl/insertAllContainers.php) Error: pcode tibirgalene not found.
[05/Nov/2012:06:47:18] (/unhcr2hxl/insertAllContainers.php) Error: pcode tinfagat not found.
[05/Nov/2012:06:47:19] (/unhcr2hxl/insertAllContainers.php) Error: pcode abala not found.
[05/Nov/2012:06:47:19] (/unhcr2hxl/insertAllContainers.php) Error: pcode abalacamp not found.
[05/Nov/2012:06:47:20] (/unhcr2hxl/insertAllContainers.php) Error: pcode kizamou not found.
[05/Nov/2012:06:47:21] (/unhcr2hxl/insertAllContainers.php) Error: pcode kizamou not found.
[05/Nov/2012:06:47:22] (/unhcr2hxl/insertAllContainers.php) Error: pcode miel not found.
[05/Nov/2012:06:47:23] (/unhcr2hxl/insertAllContainers.php) Error: pcode miel not found.
[05/Nov/2012:06:47:24] (/unhcr2hxl/insertAllContainers.php) Error: pcode tigzefan not found.
[05/Nov/2012:06:47:25] (/unhcr2hxl/insertAllContainers.php) Error: pcode tigzefan not found.
[05/Nov/2012:06:47:26] (/unhcr2hxl/insertAllContainers.php) Error: pcode banibangou not found.
[05/Nov/2012:06:47:27] (/unhcr2hxl/insertAllContainers.php) Error: pcode chinegodrar not found.
[05/Nov/2012:06:47:28] (/unhcr2hxl/insertAllContainers.php) Error: pcode mangaizecamp not found.
[05/Nov/2012:06:47:29] (/unhcr2hxl/insertAllContainers.php) Error: pcode mangaizecamp not found.
[05/Nov/2012:06:47:30] (/unhcr2hxl/insertAllContainers.php) Error: pcode agando not found.
[05/Nov/2012:06:47:31] (/unhcr2hxl/insertAllContainers.php) Error: pcode agando not found.
[05/Nov/2012:06:47:31] (/unhcr2hxl/insertAllContainers.php) Error: pcode chinwaren not found.
[05/Nov/2012:06:47:32] (/unhcr2hxl/insertAllContainers.php) Error: pcode chinwaren not found.
[05/Nov/2012:06:47:33] (/unhcr2hxl/insertAllContainers.php) Error: pcode mbera not found.
[05/Nov/2012:06:47:34] (/unhcr2hxl/insertAllContainers.php) Error: pcode gaoudel not found.
[05/Nov/2012:06:47:35] (/unhcr2hxl/insertAllContainers.php) Error: pcode gaoudel not found.
[05/Nov/2012:06:47:36] (/unhcr2hxl/insertAllContainers.php) Error: pcode intadabdab not found.
[05/Nov/2012:06:47:37] (/unhcr2hxl/insertAllContainers.php) Error: pcode mbeidoun not found.
[05/Nov/2012:06:47:38] (/unhcr2hxl/insertAllContainers.php) Error: pcode mbeidoun not found.
[05/Nov/2012:06:47:39] (/unhcr2hxl/insertAllContainers.php) Error: pcode mbeidoun not found.
[05/Nov/2012:06:47:40] (/unhcr2hxl/insertAllContainers.php) Error: pcode tabareybarey not found.
[05/Nov/2012:06:47:41] (/unhcr2hxl/insertAllContainers.php) Error: pcode tabareybarey not found.
[05/Nov/2012:06:47:41] (/unhcr2hxl/insertAllContainers.php) Error: pcode tibirgalene not found.
[05/Nov/2012:06:47:42] (/unhcr2hxl/insertAllContainers.php) Error: pcode tinfagat not found.
[05/Nov/2012:06:47:43] (/unhcr2hxl/insertAllContainers.php) Error: pcode abala not found.
[05/Nov/2012:06:47:44] (/unhcr2hxl/insertAllContainers.php) Error: pcode abalacamp not found.
[05/Nov/2012:06:47:45] (/unhcr2hxl/insertAllContainers.php) Error: pcode kizamou not found.
[05/Nov/2012:06:47:46] (/unhcr2hxl/insertAllContainers.php) Error: pcode kizamou not found.
[05/Nov/2012:06:47:47] (/unhcr2hxl/insertAllContainers.php) Error: pcode miel not found.
[05/Nov/2012:06:47:48] (/unhcr2hxl/insertAllContainers.php) Error: pcode miel not found.
[05/Nov/2012:06:47:49] (/unhcr2hxl/insertAllContainers.php) Error: pcode tigzefan not found.
[05/Nov/2012:06:47:50] (/unhcr2hxl/insertAllContainers.php) Error: pcode tigzefan not found.
[05/Nov/2012:06:47:51] (/unhcr2hxl/insertAllContainers.php) Error: pcode banibangou not found.
[05/Nov/2012:06:47:52] (/unhcr2hxl/insertAllContainers.php) Error: pcode chinegodrar not found.
[05/Nov/2012:06:47:53] (/unhcr2hxl/insertAllContainers.php) Error: pcode mangaizecamp not found.
[05/Nov/2012:06:47:53] (/unhcr2hxl/insertAllContainers.php) Error: pcode mangaizecamp not found.
[05/Nov/2012:06:47:54] (/unhcr2hxl/insertAllContainers.php) Error: pcode agando not found.
[05/Nov/2012:06:47:55] (/unhcr2hxl/insertAllContainers.php) Error: pcode agando not found.
[05/Nov/2012:06:47:56] (/unhcr2hxl/insertAllContainers.php) Error: pcode chinwaren not found.
[05/Nov/2012:06:47:57] (/unhcr2hxl/insertAllContainers.php) Error: pcode chinwaren not found.
[05/Nov/2012:06:47:57] (/unhcr2hxl/insertAllContainers.php) Error: pcode niamey not found.
[05/Nov/2012:06:47:57] (/unhcr2hxl/insertAllContainers.php) Warning: No detail of population count found at niamey on 2012-09-13 12:39:21
[05/Nov/2012:06:47:58] (/unhcr2hxl/insertAllContainers.php) Error: pcode mbera not found.
[05/Nov/2012:06:47:59] (/unhcr2hxl/insertAllContainers.php) Error: pcode gaoudel not found.
[05/Nov/2012:06:48:00] (/unhcr2hxl/insertAllContainers.php) Error: pcode gaoudel not found.
[05/Nov/2012:06:48:01] (/unhcr2hxl/insertAllContainers.php) Error: pcode intadabdab not found.
[05/Nov/2012:06:48:01] (/unhcr2hxl/insertAllContainers.php) Error: pcode mbeidoun not found.
[05/Nov/2012:06:48:02] (/unhcr2hxl/insertAllContainers.php) Error: pcode mbeidoun not found.
[05/Nov/2012:06:48:03] (/unhcr2hxl/insertAllContainers.php) Error: pcode tabareybarey not found.
[05/Nov/2012:06:48:04] (/unhcr2hxl/insertAllContainers.php) Error: pcode tabareybarey not found.
[05/Nov/2012:06:48:04] (/unhcr2hxl/insertAllContainers.php) Error: pcode tibirgalene not found.
[05/Nov/2012:06:48:05] (/unhcr2hxl/insertAllContainers.php) Error: pcode tinfagat not found.
[05/Nov/2012:06:48:07] (/unhcr2hxl/insertAllContainers.php) Error: pcode abala not found.
[05/Nov/2012:06:48:08] (/unhcr2hxl/insertAllContainers.php) Error: pcode kizamou not found.
[05/Nov/2012:06:48:09] (/unhcr2hxl/insertAllContainers.php) Error: pcode miel not found.
[05/Nov/2012:06:48:10] (/unhcr2hxl/insertAllContainers.php) Error: pcode miel not found.
[05/Nov/2012:06:48:10] (/unhcr2hxl/insertAllContainers.php) Error: pcode tigzefan not found.
[05/Nov/2012:06:48:11] (/unhcr2hxl/insertAllContainers.php) Error: pcode tigzefan not found.
[05/Nov/2012:06:48:12] (/unhcr2hxl/insertAllContainers.php) Error: pcode banibangou not found.
[05/Nov/2012:06:48:13] (/unhcr2hxl/insertAllContainers.php) Error: pcode chinegodrar not found.
[05/Nov/2012:06:48:13] (/unhcr2hxl/insertAllContainers.php) Error: pcode mangaizecamp not found.
[05/Nov/2012:06:48:14] (/unhcr2hxl/insertAllContainers.php) Error: pcode mangaizecamp not found.
[05/Nov/2012:06:48:15] (/unhcr2hxl/insertAllContainers.php) Error: pcode agando not found.
[05/Nov/2012:06:48:15] (/unhcr2hxl/insertAllContainers.php) Error: pcode agando not found.
[05/Nov/2012:06:48:16] (/unhcr2hxl/insertAllContainers.php) Error: pcode chinwaren not found.
[05/Nov/2012:06:48:17] (/unhcr2hxl/insertAllContainers.php) Error: pcode chinwaren not found.
[05/Nov/2012:06:48:18] (/unhcr2hxl/insertAllContainers.php) Error: pcode niamey not found.
[05/Nov/2012:06:48:18] (/unhcr2hxl/insertAllContainers.php) Warning: No detail of population count found at niamey on 2012-09-27 10:52:07
[05/Nov/2012:06:48:19] (/unhcr2hxl/insertAllContainers.php) Error: pcode abalacamp not found.
[05/Nov/2012:06:48:19] (/unhcr2hxl/insertAllContainers.php) Error: pcode kizamou not found.
[05/Nov/2012:06:48:20] (/unhcr2hxl/insertAllContainers.php) Error: pcode bobodjoulasssou not found.
[05/Nov/2012:06:48:21] (/unhcr2hxl/insertAllContainers.php) Error: pcode somgande not found.
[05/Nov/2012:06:48:22] (/unhcr2hxl/insertAllContainers.php) Error: pcode fererio not found.
[05/Nov/2012:06:48:23] (/unhcr2hxl/insertAllContainers.php) Error: pcode gandafaboukelwele not found.
[05/Nov/2012:06:48:23] (/unhcr2hxl/insertAllContainers.php) Error: pcode tinhedja not found.
[05/Nov/2012:06:48:25] (/unhcr2hxl/insertAllContainers.php) Warning: No detail of population count found at  on 
[05/Nov/2012:06:48:26] (/unhcr2hxl/insertAllContainers.php) Warning: No detail of population count found at  on 
[05/Nov/2012:06:48:27] (/unhcr2hxl/insertAllContainers.php) Error: pcode fererio not found.
[05/Nov/2012:06:48:27] (/unhcr2hxl/insertAllContainers.php) Error: pcode gandafaboukelwele not found.
[05/Nov/2012:06:48:28] (/unhcr2hxl/insertAllContainers.php) Error: pcode countouregnegne not found.
[05/Nov/2012:06:48:29] (/unhcr2hxl/insertAllContainers.php) Error: pcode damba not found.
[05/Nov/2012:06:48:30] (/unhcr2hxl/insertAllContainers.php) Error: pcode mentao not found.
[05/Nov/2012:06:48:31] (/unhcr2hxl/insertAllContainers.php) Error: pcode djibo not found.
[05/Nov/2012:06:48:31] (/unhcr2hxl/insertAllContainers.php) Warning: No detail of population count found at djibo on 2012-10-03 15:58:03
[05/Nov/2012:06:48:32] (/unhcr2hxl/insertAllContainers.php) Error: pcode goromgoromurbain not found.
